<?xml version="1.0" encoding="UTF-8"?>
<TestRun id="4f6e9363-4b90-45ed-831a-624ee62b8228" name="Alves@ALVES-PC 2015-03-22 23:37:58" runUser="Alves-PC\Alves" xmlns="http://microsoft.com/schemas/VisualStudio/TeamTest/2010">
  <TestSettings name="Local" id="897119cd-d1d2-4bb5-b7b3-ee7bdef959bb">
    <Description>These are default test settings for a local test run.</Description>
    <Deployment enabled="false" runDeploymentRoot="Alves_ALVES-PC 2015-03-22 23_37_58">
      <DeploymentItem filename="C:\Users\Alves\Documents\Visual Studio 2010\Projects\BuscaDeAlunos\BuscaDeAlunos\bin\BuscaDeAlunos.dll" />
    </Deployment>
    <Execution>
      <TestTypeSpecific />
      <AgentRule name="Execution Agents">
      </AgentRule>
    </Execution>
  </TestSettings>
  <Times creation="2015-03-22T23:37:58.8552257-03:00" queuing="2015-03-22T23:37:59.6272699-03:00" start="2015-03-22T23:37:59.7562773-03:00" finish="2015-03-22T23:38:04.4635465-03:00" />
  <ResultSummary outcome="Completed">
    <Counters total="1" executed="1" passed="1" error="0" failed="0" timeout="0" aborted="0" inconclusive="0" passedButRunAborted="0" notRunnable="0" notExecuted="0" disconnected="0" warning="0" completed="0" inProgress="0" pending="0" />
  </ResultSummary>
  <TestDefinitions>
    <UnitTest name="TestSalvar" storage="c:\users\alves\documents\visual studio 2010\projects\buscadealunos\testbuscadealunos\bin\debug\testbuscadealunos.dll" id="d559a96a-4c07-abb4-9d7f-b60478958b97">
      <Execution id="1018ac6f-c304-4beb-baf5-44d3348460d0" />
      <TestMethod codeBase="C:/Users/Alves/Documents/Visual Studio 2010/Projects/BuscaDeAlunos/TestBuscaDeAlunos/bin/Debug/TestBuscaDeAlunos.DLL" adapterTypeName="Microsoft.VisualStudio.TestTools.TestTypes.Unit.UnitTestAdapter, Microsoft.VisualStudio.QualityTools.Tips.UnitTest.Adapter, Version=10.0.0.0, Culture=neutral, PublicKeyToken=b03f5f7f11d50a3a" className="TestBuscaDeAlunos.TestaBusiness, TestBuscaDeAlunos, Version=1.0.0.0, Culture=neutral, PublicKeyToken=null" name="TestSalvar" />
    </UnitTest>
  </TestDefinitions>
  <TestLists>
    <TestList name="Results Not in a List" id="8c84fa94-04c1-424b-9868-57a2d4851a1d" />
    <TestList name="All Loaded Results" id="19431567-8539-422a-85d7-44ee4e166bda" />
  </TestLists>
  <TestEntries>
    <TestEntry testId="d559a96a-4c07-abb4-9d7f-b60478958b97" executionId="1018ac6f-c304-4beb-baf5-44d3348460d0" testListId="8c84fa94-04c1-424b-9868-57a2d4851a1d" />
  </TestEntries>
  <Results>
    <UnitTestResult executionId="1018ac6f-c304-4beb-baf5-44d3348460d0" testId="d559a96a-4c07-abb4-9d7f-b60478958b97" testName="TestSalvar" computerName="ALVES-PC" duration="00:00:03.3757243" startTime="2015-03-22T23:37:59.8532828-03:00" endTime="2015-03-22T23:38:04.4095434-03:00" testType="13cdc9d9-ddb5-4fa4-a97d-d965ccfc6d4b" outcome="Passed" testListId="8c84fa94-04c1-424b-9868-57a2d4851a1d" relativeResultsDirectory="1018ac6f-c304-4beb-baf5-44d3348460d0">
    </UnitTestResult>
  </Results>
</TestRun>