<?xml version="1.0" encoding="UTF-8"?>
<TestRun id="b35f959a-97d1-4d03-9839-a1eb5d28edba" name="Alves@ALVES-PC 2015-03-22 23:17:12" runUser="Alves-PC\Alves" xmlns="http://microsoft.com/schemas/VisualStudio/TeamTest/2010">
  <TestSettings name="Local" id="897119cd-d1d2-4bb5-b7b3-ee7bdef959bb">
    <Description>These are default test settings for a local test run.</Description>
    <Deployment enabled="false" runDeploymentRoot="Alves_ALVES-PC 2015-03-22 23_17_12" />
    <Execution>
      <TestTypeSpecific />
      <AgentRule name="Execution Agents">
      </AgentRule>
    </Execution>
  </TestSettings>
  <Times creation="2015-03-22T23:17:12.6329459-03:00" queuing="2015-03-22T23:17:16.6571761-03:00" start="2015-03-22T23:17:16.7771829-03:00" finish="2015-03-22T23:17:18.6312890-03:00" />
  <ResultSummary outcome="Completed">
    <Counters total="1" executed="1" passed="1" error="0" failed="0" timeout="0" aborted="0" inconclusive="0" passedButRunAborted="0" notRunnable="0" notExecuted="0" disconnected="0" warning="0" completed="0" inProgress="0" pending="0" />
  </ResultSummary>
  <TestDefinitions>
    <UnitTest name="TestMethod1" storage="c:\users\alves\documents\visual studio 2010\projects\buscadealunos\testbuscadealunos\bin\debug\testbuscadealunos.dll" id="67564384-855e-6018-f5dd-e3a9b72002f5">
      <Execution id="c82f1f8a-2554-4f74-9a1a-1b4ff0cc82a0" />
      <TestMethod codeBase="C:/Users/Alves/Documents/Visual Studio 2010/Projects/BuscaDeAlunos/TestBuscaDeAlunos/bin/Debug/TestBuscaDeAlunos.DLL" adapterTypeName="Microsoft.VisualStudio.TestTools.TestTypes.Unit.UnitTestAdapter, Microsoft.VisualStudio.QualityTools.Tips.UnitTest.Adapter, Version=10.0.0.0, Culture=neutral, PublicKeyToken=b03f5f7f11d50a3a" className="TestBuscaDeAlunos.UnitTest1, TestBuscaDeAlunos, Version=1.0.0.0, Culture=neutral, PublicKeyToken=null" name="TestMethod1" />
    </UnitTest>
  </TestDefinitions>
  <TestLists>
    <TestList name="Results Not in a List" id="8c84fa94-04c1-424b-9868-57a2d4851a1d" />
    <TestList name="All Loaded Results" id="19431567-8539-422a-85d7-44ee4e166bda" />
  </TestLists>
  <TestEntries>
    <TestEntry testId="67564384-855e-6018-f5dd-e3a9b72002f5" executionId="c82f1f8a-2554-4f74-9a1a-1b4ff0cc82a0" testListId="8c84fa94-04c1-424b-9868-57a2d4851a1d" />
  </TestEntries>
  <Results>
    <UnitTestResult executionId="c82f1f8a-2554-4f74-9a1a-1b4ff0cc82a0" testId="67564384-855e-6018-f5dd-e3a9b72002f5" testName="TestMethod1" computerName="ALVES-PC" duration="00:00:00.0103407" startTime="2015-03-22T23:17:17.2622107-03:00" endTime="2015-03-22T23:17:18.4332777-03:00" testType="13cdc9d9-ddb5-4fa4-a97d-d965ccfc6d4b" outcome="Passed" testListId="8c84fa94-04c1-424b-9868-57a2d4851a1d" relativeResultsDirectory="c82f1f8a-2554-4f74-9a1a-1b4ff0cc82a0">
    </UnitTestResult>
  </Results>
</TestRun>