<?xml version="1.0" encoding="UTF-8"?>
<TestRun id="85d9397b-f1e3-414a-9bda-3c84d93f5256" name="Alves@ALVES-PC 2015-03-22 23:50:23" runUser="Alves-PC\Alves" xmlns="http://microsoft.com/schemas/VisualStudio/TeamTest/2010">
  <TestSettings name="Local" id="897119cd-d1d2-4bb5-b7b3-ee7bdef959bb">
    <Description>These are default test settings for a local test run.</Description>
    <Deployment enabled="false" runDeploymentRoot="Alves_ALVES-PC 2015-03-22 23_50_23">
      <DeploymentItem filename="C:\Users\Alves\Documents\Visual Studio 2010\Projects\BuscaDeAlunos\BuscaDeAlunos\bin\BuscaDeAlunos.dll" />
    </Deployment>
    <Execution>
      <TestTypeSpecific />
      <AgentRule name="Execution Agents">
      </AgentRule>
    </Execution>
  </TestSettings>
  <Times creation="2015-03-22T23:50:23.3018056-03:00" queuing="2015-03-22T23:50:24.1518543-03:00" start="2015-03-22T23:50:24.2518600-03:00" finish="2015-03-22T23:50:35.9975318-03:00" />
  <ResultSummary outcome="Error">
    <Counters total="1" executed="1" error="0" failed="0" timeout="0" aborted="1" inconclusive="0" passedButRunAborted="0" notRunnable="0" notExecuted="0" disconnected="0" warning="0" passed="0" completed="0" inProgress="0" pending="0" />
    <RunInfos>
      <RunInfo computerName="ALVES-PC" outcome="Error" timestamp="2015-03-22T23:50:35.9965317-03:00">
        <Text>Test host process exited unexpectedly.</Text>
      </RunInfo>
    </RunInfos>
  </ResultSummary>
  <TestDefinitions>
    <UnitTest name="TestSalvar" storage="c:\users\alves\documents\visual studio 2010\projects\buscadealunos\testbuscadealunos\bin\debug\testbuscadealunos.dll" id="d559a96a-4c07-abb4-9d7f-b60478958b97">
      <Execution id="7ad47373-2101-41b5-9ece-94d916fe5c86" />
      <TestMethod codeBase="C:/Users/Alves/Documents/Visual Studio 2010/Projects/BuscaDeAlunos/TestBuscaDeAlunos/bin/Debug/TestBuscaDeAlunos.DLL" adapterTypeName="Microsoft.VisualStudio.TestTools.TestTypes.Unit.UnitTestAdapter, Microsoft.VisualStudio.QualityTools.Tips.UnitTest.Adapter, Version=10.0.0.0, Culture=neutral, PublicKeyToken=b03f5f7f11d50a3a" className="TestBuscaDeAlunos.TestaBusiness, TestBuscaDeAlunos, Version=1.0.0.0, Culture=neutral, PublicKeyToken=null" name="TestSalvar" />
    </UnitTest>
  </TestDefinitions>
  <TestLists>
    <TestList name="Results Not in a List" id="8c84fa94-04c1-424b-9868-57a2d4851a1d" />
    <TestList name="All Loaded Results" id="19431567-8539-422a-85d7-44ee4e166bda" />
  </TestLists>
  <TestEntries>
    <TestEntry testId="d559a96a-4c07-abb4-9d7f-b60478958b97" executionId="7ad47373-2101-41b5-9ece-94d916fe5c86" testListId="8c84fa94-04c1-424b-9868-57a2d4851a1d" />
  </TestEntries>
  <Results>
    <UnitTestResult executionId="7ad47373-2101-41b5-9ece-94d916fe5c86" testId="d559a96a-4c07-abb4-9d7f-b60478958b97" testName="TestSalvar" computerName="ALVES-PC" duration="00:00:11.6436660" startTime="2015-03-22T23:50:24.3538658-03:00" endTime="2015-03-22T23:50:35.9975318-03:00" testType="13cdc9d9-ddb5-4fa4-a97d-d965ccfc6d4b" outcome="Aborted" testListId="8c84fa94-04c1-424b-9868-57a2d4851a1d" relativeResultsDirectory="7ad47373-2101-41b5-9ece-94d916fe5c86">
    </UnitTestResult>
  </Results>
</TestRun>