<?xml version="1.0" encoding="UTF-8"?>
<TestRun id="33bac1a2-58ba-49ea-b408-54f3bf8b6cc8" name="Alves@ALVES-PC 2015-03-22 23:36:36" runUser="Alves-PC\Alves" xmlns="http://microsoft.com/schemas/VisualStudio/TeamTest/2010">
  <TestSettings name="Local" id="897119cd-d1d2-4bb5-b7b3-ee7bdef959bb">
    <Description>These are default test settings for a local test run.</Description>
    <Deployment enabled="false" runDeploymentRoot="Alves_ALVES-PC 2015-03-22 23_36_36">
      <DeploymentItem filename="C:\Users\Alves\Documents\Visual Studio 2010\Projects\BuscaDeAlunos\BuscaDeAlunos\bin\BuscaDeAlunos.dll" />
    </Deployment>
    <Execution>
      <TestTypeSpecific />
      <AgentRule name="Execution Agents">
      </AgentRule>
    </Execution>
  </TestSettings>
  <Times creation="2015-03-22T23:36:36.1414948-03:00" queuing="2015-03-22T23:36:37.0735481-03:00" start="2015-03-22T23:36:37.2075558-03:00" finish="2015-03-22T23:36:47.0671197-03:00" />
  <ResultSummary outcome="Failed">
    <Counters total="1" executed="1" error="0" failed="1" timeout="0" aborted="0" inconclusive="0" passedButRunAborted="0" notRunnable="0" notExecuted="0" disconnected="0" warning="0" passed="0" completed="0" inProgress="0" pending="0" />
  </ResultSummary>
  <TestDefinitions>
    <UnitTest name="TestSalvar" storage="c:\users\alves\documents\visual studio 2010\projects\buscadealunos\testbuscadealunos\bin\debug\testbuscadealunos.dll" id="d559a96a-4c07-abb4-9d7f-b60478958b97">
      <Execution id="e4029be2-311c-4514-b96f-5b2d958541e2" />
      <TestMethod codeBase="C:/Users/Alves/Documents/Visual Studio 2010/Projects/BuscaDeAlunos/TestBuscaDeAlunos/bin/Debug/TestBuscaDeAlunos.DLL" adapterTypeName="Microsoft.VisualStudio.TestTools.TestTypes.Unit.UnitTestAdapter, Microsoft.VisualStudio.QualityTools.Tips.UnitTest.Adapter, Version=10.0.0.0, Culture=neutral, PublicKeyToken=b03f5f7f11d50a3a" className="TestBuscaDeAlunos.TestaBusiness, TestBuscaDeAlunos, Version=1.0.0.0, Culture=neutral, PublicKeyToken=null" name="TestSalvar" />
    </UnitTest>
  </TestDefinitions>
  <TestLists>
    <TestList name="Results Not in a List" id="8c84fa94-04c1-424b-9868-57a2d4851a1d" />
    <TestList name="All Loaded Results" id="19431567-8539-422a-85d7-44ee4e166bda" />
  </TestLists>
  <TestEntries>
    <TestEntry testId="d559a96a-4c07-abb4-9d7f-b60478958b97" executionId="e4029be2-311c-4514-b96f-5b2d958541e2" testListId="8c84fa94-04c1-424b-9868-57a2d4851a1d" />
  </TestEntries>
  <Results>
    <UnitTestResult executionId="e4029be2-311c-4514-b96f-5b2d958541e2" testId="d559a96a-4c07-abb4-9d7f-b60478958b97" testName="TestSalvar" computerName="ALVES-PC" duration="00:00:08.6108808" startTime="2015-03-22T23:36:37.3235624-03:00" endTime="2015-03-22T23:36:46.9831149-03:00" testType="13cdc9d9-ddb5-4fa4-a97d-d965ccfc6d4b" outcome="Failed" testListId="8c84fa94-04c1-424b-9868-57a2d4851a1d" relativeResultsDirectory="e4029be2-311c-4514-b96f-5b2d958541e2">
      <Output>
        <ErrorInfo>
          <Message>Assert.IsTrue failed. </Message>
          <StackTrace>   at TestBuscaDeAlunos.TestaBusiness.TestSalvar() in C:\Users\Alves\Documents\Visual Studio 2010\Projects\BuscaDeAlunos\TestBuscaDeAlunos\TestaBusiness.cs:line 72
</StackTrace>
        </ErrorInfo>
      </Output>
    </UnitTestResult>
  </Results>
</TestRun>